<?xml version="1.0" encoding="UTF-8"?>
<!-- Generated by org.testng.reporters.JUnitXMLReporter -->
<testsuite ignored="0" hostname="Priyanka" failures="0" tests="3" name="Default test" time="2.536" errors="0" timestamp="2026-08-12T12:38:48 IST">
  <testcase classname="com.SwagLab.TestCases.InventoryPageTest" name="validatProductCount" time="0.027"/>
  <testcase classname="com.SwagLab.TestCases.InventoryPageTest" name="validatProductDetails" time="0.081"/>
  <testcase classname="com.SwagLab.TestCases.InventoryPageTest" name="validatAddToCartFeature" time="0.178"/>
</testsuite> <!-- Default test -->
