<?xml version="1.0" encoding="UTF-8"?>
<!-- Generated by org.testng.reporters.JUnitXMLReporter -->
<testsuite ignored="0" hostname="Priyanka" failures="0" tests="3" name="Default test" time="7.186" errors="0" timestamp="2026-07-29T12:49:22 IST">
  <testcase classname="com.TestNG.Annotations.Tc078_AnnotationRealScenario" name="testSignIn" time="1.087"/>
  <testcase classname="com.TestNG.Annotations.Tc078_AnnotationRealScenario" name="testCRMLogin" time="0.606"/>
  <testcase classname="com.TestNG.Annotations.Tc078_AnnotationRealScenario" name="signOut" time="0.508"/>
</testsuite> <!-- Default test -->
