<?xml version="1.0" encoding="UTF-8"?>
<!-- Generated by org.testng.reporters.JUnitXMLReporter -->
<testsuite ignored="0" hostname="Priyanka" failures="0" tests="11" name="edge" time="19.669" errors="0" timestamp="2026-08-13T12:31:59 IST">
  <testcase classname="com.SwagLab.TestCases.InventoryPageTest" name="validatProductCount" time="0.041"/>
  <testcase classname="com.SwagLab.TestCases.CartPageTest" name="verifyCartPageLaunch" time="0.169"/>
  <testcase classname="com.SwagLab.TestCases.LoginPageTest" name="verifyUrl" time="0.027"/>
  <testcase classname="com.SwagLab.TestCases.InventoryPageTest" name="validatProductDetails" time="0.368"/>
  <testcase classname="com.SwagLab.TestCases.CartPageTest" name="verifyCartProduct" time="0.079"/>
  <testcase classname="com.SwagLab.TestCases.LoginPageTest" name="verifyTitle" time="0.036"/>
  <testcase classname="com.SwagLab.TestCases.InventoryPageTest" name="validatAddToCartFeature" time="0.706"/>
  <testcase classname="com.SwagLab.TestCases.LoginPageTest" name="validateLogin" time="0.807"/>
  <testcase classname="com.SwagLab.TestCases.CartPageTest" name="validateProductRemove" time="0.185"/>
  <testcase classname="com.SwagLab.TestCases.CartPageTest" name="validateContinueShopping" time="0.762"/>
  <testcase classname="com.SwagLab.TestCases.CartPageTest" name="validateLauchOfCheckout" time="0.374"/>
</testsuite> <!-- edge -->
