<?xml version="1.0" encoding="UTF-8"?>
<!-- Generated by org.testng.reporters.JUnitXMLReporter -->
<testsuite ignored="0" hostname="Priyanka" failures="0" tests="6" name="edge" time="12.165" errors="0" timestamp="2026-08-12T12:47:38 IST">
  <testcase classname="com.SwagLab.TestCases.InventoryPageTest" name="validatProductCount" time="0.034"/>
  <testcase classname="com.SwagLab.TestCases.LoginPageTest" name="verifyUrl" time="0.017"/>
  <testcase classname="com.SwagLab.TestCases.InventoryPageTest" name="validatProductDetails" time="0.222"/>
  <testcase classname="com.SwagLab.TestCases.LoginPageTest" name="verifyTitle" time="0.021"/>
  <testcase classname="com.SwagLab.TestCases.InventoryPageTest" name="validatAddToCartFeature" time="0.752"/>
  <testcase classname="com.SwagLab.TestCases.LoginPageTest" name="validateLogin" time="0.558"/>
</testsuite> <!-- edge -->
