<?xml version="1.0" encoding="UTF-8"?>
<!-- Generated by org.testng.reporters.JUnitXMLReporter -->
<testsuite ignored="0" hostname="Priyanka" failures="0" tests="6" name="firefox" time="61.615" errors="0" timestamp="2026-08-12T12:48:27 IST">
  <testcase classname="com.SwagLab.TestCases.InventoryPageTest" name="validatProductCount" time="0.044"/>
  <testcase classname="com.SwagLab.TestCases.LoginPageTest" name="verifyUrl" time="0.032"/>
  <testcase classname="com.SwagLab.TestCases.InventoryPageTest" name="validatProductDetails" time="0.269"/>
  <testcase classname="com.SwagLab.TestCases.LoginPageTest" name="verifyTitle" time="0.022"/>
  <testcase classname="com.SwagLab.TestCases.InventoryPageTest" name="validatAddToCartFeature" time="0.301"/>
  <testcase classname="com.SwagLab.TestCases.LoginPageTest" name="validateLogin" time="0.244"/>
</testsuite> <!-- firefox -->
