<?xml version="1.0" encoding="UTF-8"?>
<!-- Generated by org.testng.reporters.JUnitXMLReporter -->
<testsuite ignored="0" hostname="Priyanka" failures="0" tests="14" name="Test" time="9.189" errors="0" timestamp="2026-08-14T13:45:25 IST">
  <testcase classname="com.SwagLab.TestCases.LoginPageTest" name="verifyUrl" time="0.014"/>
  <testcase classname="com.SwagLab.TestCases.LoginPageTest" name="verifyTitle" time="0.008"/>
  <testcase classname="com.SwagLab.TestCases.LoginPageTest" name="validateLogin" time="0.237"/>
  <testcase classname="com.SwagLab.TestCases.InventoryPageTest" name="validatProductCount" time="0.012"/>
  <testcase classname="com.SwagLab.TestCases.InventoryPageTest" name="validatProductDetails" time="0.083"/>
  <testcase classname="com.SwagLab.TestCases.InventoryPageTest" name="validatAddToCartFeature" time="0.132"/>
  <testcase classname="com.SwagLab.TestCases.CartPageTest" name="verifyCartPageLaunch" time="0.052"/>
  <testcase classname="com.SwagLab.TestCases.CartPageTest" name="verifyCartProduct" time="0.022"/>
  <testcase classname="com.SwagLab.TestCases.CartPageTest" name="validateProductRemove" time="0.04"/>
  <testcase classname="com.SwagLab.TestCases.CartPageTest" name="validateContinueShopping" time="0.186"/>
  <testcase classname="com.SwagLab.TestCases.CartPageTest" name="validateLauchOfCheckout" time="0.065"/>
  <testcase classname="com.SwagLab.TestCases.CheckoutPageTest" name="validateCheckout" time="0.199"/>
  <testcase classname="com.SwagLab.TestCases.OverviewPageTest" name="getPaymentSummaryDetails" time="0.061"/>
  <testcase classname="com.SwagLab.TestCases.OverviewPageTest" name="testCheckoutProcess" time="0.056"/>
</testsuite> <!-- Test -->
