<?xml version="1.0" encoding="UTF-8"?>
<!-- Generated by org.testng.reporters.JUnitXMLReporter -->
<testsuite ignored="2" hostname="Priyanka" failures="0" tests="2" name="Test" time="0.066" errors="0" timestamp="2026-07-28T12:23:59 IST">
  <testcase classname="com.TestNG.Tc074_GroupingOfTest" name="registerTest" time="0.011"/>
  <testcase classname="com.TestNG.Tc074_GroupingOfTest" name="loginTest" time="0.0"/>
  <testcase classname="com.TestNG.Tc074_GroupingOfTest" name="addToCartTest" time="0.0">
    <ignored/>
  </testcase> <!-- addToCartTest -->
  <testcase classname="com.TestNG.Tc074_GroupingOfTest" name="searchProductTest" time="0.0">
    <ignored/>
  </testcase> <!-- searchProductTest -->
</testsuite> <!-- Test -->
