<?xml version="1.0" encoding="UTF-8"?>
<!-- Generated by org.testng.reporters.JUnitXMLReporter -->
<testsuite ignored="0" hostname="Priyanka" failures="0" tests="14" name="Test" time="9.33" errors="0" timestamp="2026-08-14T13:45:52 IST">
  <testcase classname="com.SwagLab.TestCases.LoginPageTest" name="verifyUrl" time="0.012"/>
  <testcase classname="com.SwagLab.TestCases.LoginPageTest" name="verifyTitle" time="0.008"/>
  <testcase classname="com.SwagLab.TestCases.LoginPageTest" name="validateLogin" time="0.246"/>
  <testcase classname="com.SwagLab.TestCases.InventoryPageTest" name="validatProductCount" time="0.012"/>
  <testcase classname="com.SwagLab.TestCases.InventoryPageTest" name="validatProductDetails" time="0.075"/>
  <testcase classname="com.SwagLab.TestCases.InventoryPageTest" name="validatAddToCartFeature" time="0.129"/>
  <testcase classname="com.SwagLab.TestCases.CartPageTest" name="verifyCartPageLaunch" time="0.058"/>
  <testcase classname="com.SwagLab.TestCases.CartPageTest" name="verifyCartProduct" time="0.016"/>
  <testcase classname="com.SwagLab.TestCases.CartPageTest" name="validateProductRemove" time="0.035"/>
  <testcase classname="com.SwagLab.TestCases.CartPageTest" name="validateContinueShopping" time="0.19"/>
  <testcase classname="com.SwagLab.TestCases.CartPageTest" name="validateLauchOfCheckout" time="0.066"/>
  <testcase classname="com.SwagLab.TestCases.CheckoutPageTest" name="validateCheckout" time="0.203"/>
  <testcase classname="com.SwagLab.TestCases.OverviewPageTest" name="getPaymentSummaryDetails" time="0.055"/>
  <testcase classname="com.SwagLab.TestCases.OverviewPageTest" name="testCheckoutProcess" time="0.058"/>
</testsuite> <!-- Test -->
