<?xml version="1.0" encoding="UTF-8"?>
<!-- Generated by org.testng.reporters.JUnitXMLReporter -->
<testsuite ignored="0" hostname="Priyanka" failures="0" tests="14" name="Test" time="12.177" errors="0" timestamp="2026-08-20T12:41:30 IST">
  <testcase classname="com.SwagLab.TestCases.LoginPageTest" name="verifyUrl" time="0.014"/>
  <testcase classname="com.SwagLab.TestCases.LoginPageTest" name="verifyTitle" time="0.015"/>
  <testcase classname="com.SwagLab.TestCases.LoginPageTest" name="validateLogin" time="0.344"/>
  <testcase classname="com.SwagLab.TestCases.InventoryPageTest" name="validatProductCount" time="0.017"/>
  <testcase classname="com.SwagLab.TestCases.InventoryPageTest" name="validatProductDetails" time="0.095"/>
  <testcase classname="com.SwagLab.TestCases.InventoryPageTest" name="validatAddToCartFeature" time="0.192"/>
  <testcase classname="com.SwagLab.TestCases.CartPageTest" name="verifyCartPageLaunch" time="0.063"/>
  <testcase classname="com.SwagLab.TestCases.CartPageTest" name="verifyCartProduct" time="0.018"/>
  <testcase classname="com.SwagLab.TestCases.CartPageTest" name="validateProductRemove" time="0.047"/>
  <testcase classname="com.SwagLab.TestCases.CartPageTest" name="validateContinueShopping" time="0.264"/>
  <testcase classname="com.SwagLab.TestCases.CartPageTest" name="validateLauchOfCheckout" time="0.083"/>
  <testcase classname="com.SwagLab.TestCases.CheckoutPageTest" name="validateCheckout" time="0.293"/>
  <testcase classname="com.SwagLab.TestCases.OverviewPageTest" name="getPaymentSummaryDetails" time="0.12"/>
  <testcase classname="com.SwagLab.TestCases.OverviewPageTest" name="testCheckoutProcess" time="0.108"/>
</testsuite> <!-- Test -->
