<?xml version="1.0" encoding="UTF-8"?>
<testng-results ignored="0" total="14" passed="14" failed="0" skipped="0">
  <reporter-output>
  </reporter-output>
  <suite started-at="2026-08-20T12:41:18 IST" name="Suite" finished-at="2026-08-20T12:41:30 IST" duration-ms="12177">
    <groups>
    </groups>
    <test started-at="2026-08-20T12:41:18 IST" name="Test" finished-at="2026-08-20T12:41:30 IST" duration-ms="12177">
      <class name="com.SwagLab.TestCases.OverviewPageTest">
        <test-method is-config="true" signature="setUp(java.lang.String)[pri:0, instance:com.SwagLab.TestCases.OverviewPageTest@9597028]" started-at="2026-08-20T12:41:27 IST" name="setUp" finished-at="2026-08-20T12:41:28 IST" duration-ms="1185" status="PASS">
          <params>
            <param index="0">
              <value>
                <![CDATA[edge]]>
              </value>
            </param>
          </params>
          <reporter-output>
          </reporter-output>
        </test-method> <!-- setUp -->
        <test-method is-config="true" signature="pageSetUp()[pri:0, instance:com.SwagLab.TestCases.OverviewPageTest@9597028]" started-at="2026-08-20T12:41:28 IST" name="pageSetUp" finished-at="2026-08-20T12:41:30 IST" duration-ms="1380" status="PASS">
          <reporter-output>
          </reporter-output>
        </test-method> <!-- pageSetUp -->
        <test-method signature="getPaymentSummaryDetails()[pri:1, instance:com.SwagLab.TestCases.OverviewPageTest@9597028]" started-at="2026-08-20T12:41:30 IST" name="getPaymentSummaryDetails" finished-at="2026-08-20T12:41:30 IST" duration-ms="120" status="PASS">
          <reporter-output>
          </reporter-output>
        </test-method> <!-- getPaymentSummaryDetails -->
        <test-method signature="testCheckoutProcess()[pri:1, instance:com.SwagLab.TestCases.OverviewPageTest@9597028]" started-at="2026-08-20T12:41:30 IST" name="testCheckoutProcess" finished-at="2026-08-20T12:41:30 IST" duration-ms="108" status="PASS">
          <reporter-output>
          </reporter-output>
        </test-method> <!-- testCheckoutProcess -->
        <test-method is-config="true" signature="tearDown()[pri:0, instance:com.SwagLab.TestCases.OverviewPageTest@9597028]" started-at="2026-08-20T12:41:30 IST" name="tearDown" finished-at="2026-08-20T12:41:30 IST" duration-ms="288" status="PASS">
          <reporter-output>
          </reporter-output>
        </test-method> <!-- tearDown -->
      </class> <!-- com.SwagLab.TestCases.OverviewPageTest -->
      <class name="com.SwagLab.TestCases.CheckoutPageTest">
        <test-method is-config="true" signature="setUp(java.lang.String)[pri:0, instance:com.SwagLab.TestCases.CheckoutPageTest@49139829]" started-at="2026-08-20T12:41:25 IST" name="setUp" finished-at="2026-08-20T12:41:26 IST" duration-ms="1121" status="PASS">
          <params>
            <param index="0">
              <value>
                <![CDATA[edge]]>
              </value>
            </param>
          </params>
          <reporter-output>
          </reporter-output>
        </test-method> <!-- setUp -->
        <test-method is-config="true" signature="pageSetup()[pri:0, instance:com.SwagLab.TestCases.CheckoutPageTest@49139829]" started-at="2026-08-20T12:41:26 IST" name="pageSetup" finished-at="2026-08-20T12:41:27 IST" duration-ms="691" status="PASS">
          <reporter-output>
          </reporter-output>
        </test-method> <!-- pageSetup -->
        <test-method signature="validateCheckout()[pri:0, instance:com.SwagLab.TestCases.CheckoutPageTest@49139829]" started-at="2026-08-20T12:41:27 IST" name="validateCheckout" finished-at="2026-08-20T12:41:27 IST" duration-ms="293" status="PASS">
          <reporter-output>
          </reporter-output>
        </test-method> <!-- validateCheckout -->
        <test-method is-config="true" signature="tearDown()[pri:0, instance:com.SwagLab.TestCases.CheckoutPageTest@49139829]" started-at="2026-08-20T12:41:27 IST" name="tearDown" finished-at="2026-08-20T12:41:27 IST" duration-ms="267" status="PASS">
          <reporter-output>
          </reporter-output>
        </test-method> <!-- tearDown -->
      </class> <!-- com.SwagLab.TestCases.CheckoutPageTest -->
      <class name="com.SwagLab.TestCases.InventoryPageTest">
        <test-method is-config="true" signature="setUp(java.lang.String)[pri:0, instance:com.SwagLab.TestCases.InventoryPageTest@4ec4f3a0]" started-at="2026-08-20T12:41:20 IST" name="setUp" finished-at="2026-08-20T12:41:21 IST" duration-ms="1121" status="PASS">
          <params>
            <param index="0">
              <value>
                <![CDATA[edge]]>
              </value>
            </param>
          </params>
          <reporter-output>
          </reporter-output>
        </test-method> <!-- setUp -->
        <test-method is-config="true" signature="pageSetUp()[pri:0, instance:com.SwagLab.TestCases.InventoryPageTest@4ec4f3a0]" started-at="2026-08-20T12:41:21 IST" name="pageSetUp" finished-at="2026-08-20T12:41:22 IST" duration-ms="375" status="PASS">
          <reporter-output>
          </reporter-output>
        </test-method> <!-- pageSetUp -->
        <test-method signature="validatProductCount()[pri:1, instance:com.SwagLab.TestCases.InventoryPageTest@4ec4f3a0]" started-at="2026-08-20T12:41:22 IST" name="validatProductCount" finished-at="2026-08-20T12:41:22 IST" duration-ms="17" status="PASS">
          <reporter-output>
          </reporter-output>
        </test-method> <!-- validatProductCount -->
        <test-method signature="validatProductDetails()[pri:2, instance:com.SwagLab.TestCases.InventoryPageTest@4ec4f3a0]" started-at="2026-08-20T12:41:22 IST" name="validatProductDetails" finished-at="2026-08-20T12:41:22 IST" duration-ms="95" status="PASS">
          <reporter-output>
          </reporter-output>
        </test-method> <!-- validatProductDetails -->
        <test-method signature="validatAddToCartFeature()[pri:3, instance:com.SwagLab.TestCases.InventoryPageTest@4ec4f3a0]" started-at="2026-08-20T12:41:22 IST" name="validatAddToCartFeature" finished-at="2026-08-20T12:41:22 IST" duration-ms="192" status="PASS">
          <reporter-output>
          </reporter-output>
        </test-method> <!-- validatAddToCartFeature -->
        <test-method is-config="true" signature="tearDown()[pri:0, instance:com.SwagLab.TestCases.InventoryPageTest@4ec4f3a0]" started-at="2026-08-20T12:41:22 IST" name="tearDown" finished-at="2026-08-20T12:41:22 IST" duration-ms="268" status="PASS">
          <reporter-output>
          </reporter-output>
        </test-method> <!-- tearDown -->
      </class> <!-- com.SwagLab.TestCases.InventoryPageTest -->
      <class name="com.SwagLab.TestCases.LoginPageTest">
        <test-method is-config="true" signature="setUp(java.lang.String)[pri:0, instance:com.SwagLab.TestCases.LoginPageTest@5c5eefef]" started-at="2026-08-20T12:41:18 IST" name="setUp" finished-at="2026-08-20T12:41:20 IST" duration-ms="1637" status="PASS">
          <params>
            <param index="0">
              <value>
                <![CDATA[edge]]>
              </value>
            </param>
          </params>
          <reporter-output>
          </reporter-output>
        </test-method> <!-- setUp -->
        <test-method signature="verifyUrl()[pri:1, instance:com.SwagLab.TestCases.LoginPageTest@5c5eefef]" started-at="2026-08-20T12:41:20 IST" name="verifyUrl" finished-at="2026-08-20T12:41:20 IST" duration-ms="14" status="PASS">
          <reporter-output>
          </reporter-output>
        </test-method> <!-- verifyUrl -->
        <test-method signature="verifyTitle()[pri:2, instance:com.SwagLab.TestCases.LoginPageTest@5c5eefef]" started-at="2026-08-20T12:41:20 IST" name="verifyTitle" finished-at="2026-08-20T12:41:20 IST" duration-ms="15" status="PASS">
          <reporter-output>
          </reporter-output>
        </test-method> <!-- verifyTitle -->
        <test-method signature="validateLogin()[pri:3, instance:com.SwagLab.TestCases.LoginPageTest@5c5eefef]" started-at="2026-08-20T12:41:20 IST" name="validateLogin" finished-at="2026-08-20T12:41:20 IST" duration-ms="344" status="PASS">
          <reporter-output>
          </reporter-output>
        </test-method> <!-- validateLogin -->
        <test-method is-config="true" signature="tearDown()[pri:0, instance:com.SwagLab.TestCases.LoginPageTest@5c5eefef]" started-at="2026-08-20T12:41:20 IST" name="tearDown" finished-at="2026-08-20T12:41:20 IST" duration-ms="218" status="PASS">
          <reporter-output>
          </reporter-output>
        </test-method> <!-- tearDown -->
      </class> <!-- com.SwagLab.TestCases.LoginPageTest -->
      <class name="com.SwagLab.TestCases.CartPageTest">
        <test-method is-config="true" signature="setUp(java.lang.String)[pri:0, instance:com.SwagLab.TestCases.CartPageTest@223191a6]" started-at="2026-08-20T12:41:22 IST" name="setUp" finished-at="2026-08-20T12:41:24 IST" duration-ms="1121" status="PASS">
          <params>
            <param index="0">
              <value>
                <![CDATA[edge]]>
              </value>
            </param>
          </params>
          <reporter-output>
          </reporter-output>
        </test-method> <!-- setUp -->
        <test-method is-config="true" signature="pageSetUp()[pri:0, instance:com.SwagLab.TestCases.CartPageTest@223191a6]" started-at="2026-08-20T12:41:24 IST" name="pageSetUp" finished-at="2026-08-20T12:41:24 IST" duration-ms="578" status="PASS">
          <reporter-output>
          </reporter-output>
        </test-method> <!-- pageSetUp -->
        <test-method signature="verifyCartPageLaunch()[pri:1, instance:com.SwagLab.TestCases.CartPageTest@223191a6]" started-at="2026-08-20T12:41:24 IST" name="verifyCartPageLaunch" finished-at="2026-08-20T12:41:24 IST" duration-ms="63" status="PASS">
          <reporter-output>
          </reporter-output>
        </test-method> <!-- verifyCartPageLaunch -->
        <test-method signature="verifyCartProduct()[pri:2, instance:com.SwagLab.TestCases.CartPageTest@223191a6]" started-at="2026-08-20T12:41:24 IST" name="verifyCartProduct" finished-at="2026-08-20T12:41:24 IST" duration-ms="18" status="PASS">
          <reporter-output>
          </reporter-output>
        </test-method> <!-- verifyCartProduct -->
        <test-method signature="validateProductRemove()[pri:3, instance:com.SwagLab.TestCases.CartPageTest@223191a6]" started-at="2026-08-20T12:41:24 IST" name="validateProductRemove" finished-at="2026-08-20T12:41:24 IST" duration-ms="47" status="PASS">
          <reporter-output>
          </reporter-output>
        </test-method> <!-- validateProductRemove -->
        <test-method signature="validateContinueShopping()[pri:4, instance:com.SwagLab.TestCases.CartPageTest@223191a6]" started-at="2026-08-20T12:41:24 IST" name="validateContinueShopping" finished-at="2026-08-20T12:41:25 IST" duration-ms="264" status="PASS">
          <reporter-output>
          </reporter-output>
        </test-method> <!-- validateContinueShopping -->
        <test-method signature="validateLauchOfCheckout()[pri:5, instance:com.SwagLab.TestCases.CartPageTest@223191a6]" started-at="2026-08-20T12:41:25 IST" name="validateLauchOfCheckout" finished-at="2026-08-20T12:41:25 IST" duration-ms="83" status="PASS">
          <reporter-output>
          </reporter-output>
        </test-method> <!-- validateLauchOfCheckout -->
        <test-method is-config="true" signature="tearDown()[pri:0, instance:com.SwagLab.TestCases.CartPageTest@223191a6]" started-at="2026-08-20T12:41:25 IST" name="tearDown" finished-at="2026-08-20T12:41:25 IST" duration-ms="187" status="PASS">
          <reporter-output>
          </reporter-output>
        </test-method> <!-- tearDown -->
      </class> <!-- com.SwagLab.TestCases.CartPageTest -->
    </test> <!-- Test -->
  </suite> <!-- Suite -->
</testng-results>
