<?xml version="1.0" encoding="UTF-8"?>
<testsuite xmlns:xsi="http://www.w3.org/2001/XMLSchema-instance" xsi:noNamespaceSchemaLocation="https://maven.apache.org/surefire/maven-surefire-plugin/xsd/surefire-test-report.xsd" version="3.0.2" name="TestSuite" time="12.855" tests="14" errors="0" skipped="0" failures="0">
  <properties>
[...]
</properties>
  <testcase name="verifyUrl" classname="com.SwagLab.TestCases.LoginPageTest" time="0.019">
    <system-out><![CDATA[Url matched!https://www.saucedemo.com/
]]></system-out>
    <system-err><![CDATA[SLF4J(W): No SLF4J providers were found.
SLF4J(W): Defaulting to no-operation (NOP) logger implementation
SLF4J(W): See https://www.slf4j.org/codes.html#noProviders for further details.
Aug 20, 2026 12:41:19 PM org.openqa.selenium.devtools.CdpVersionFinder findNearestMatch
WARNING: Unable to find an exact match for CDP version 151, returning the closest version; found: 150; Please update to a Selenium version that supports CDP version 151
]]></system-err>
  </testcase>
  <testcase name="verifyTitle" classname="com.SwagLab.TestCases.LoginPageTest" time="0.017">
    <system-out><![CDATA[Title matched! Swag Labs
]]></system-out>
  </testcase>
  <testcase name="validateLogin" classname="com.SwagLab.TestCases.LoginPageTest" time="0.343"/>
  <testcase name="validatProductCount" classname="com.SwagLab.TestCases.InventoryPageTest" time="0.019">
    <system-out><![CDATA[Product count matched!6
]]></system-out>
    <system-err><![CDATA[Aug 20, 2026 12:41:21 PM org.openqa.selenium.devtools.CdpVersionFinder findNearestMatch
WARNING: Unable to find an exact match for CDP version 151, returning the closest version; found: 150; Please update to a Selenium version that supports CDP version 151
]]></system-err>
  </testcase>
  <testcase name="validatProductDetails" classname="com.SwagLab.TestCases.InventoryPageTest" time="0.094">
    <system-out><![CDATA[===Products details===
Sauce Labs Backpack
Sauce Labs Bike Light
Sauce Labs Bolt T-Shirt
Sauce Labs Fleece Jacket
Sauce Labs Onesie
Test.allTheThings() T-Shirt (Red)
]]></system-out>
  </testcase>
  <testcase name="validatAddToCartFeature" classname="com.SwagLab.TestCases.InventoryPageTest" time="0.191">
    <system-out><![CDATA[Sauce Labs Bolt T-Shirt Found in the list
Sauce Labs Bolt T-Shirt added into Cart
]]></system-out>
  </testcase>
  <testcase name="verifyCartPageLaunch" classname="com.SwagLab.TestCases.CartPageTest" time="0.062">
    <system-out><![CDATA[Sauce Labs Fleece Jacket Found in the list
Sauce Labs Fleece Jacket added into Cart
Cart page open!
]]></system-out>
    <system-err><![CDATA[Aug 20, 2026 12:41:23 PM org.openqa.selenium.devtools.CdpVersionFinder findNearestMatch
WARNING: Unable to find an exact match for CDP version 151, returning the closest version; found: 150; Please update to a Selenium version that supports CDP version 151
]]></system-err>
  </testcase>
  <testcase name="verifyCartProduct" classname="com.SwagLab.TestCases.CartPageTest" time="0.022">
    <system-out><![CDATA[Product added into cart!
]]></system-out>
  </testcase>
  <testcase name="validateProductRemove" classname="com.SwagLab.TestCases.CartPageTest" time="0.049">
    <system-out><![CDATA[Product removed!
]]></system-out>
  </testcase>
  <testcase name="validateContinueShopping" classname="com.SwagLab.TestCases.CartPageTest" time="0.262">
    <system-out><![CDATA[Sauce Labs Bolt T-Shirt Found in the list
Sauce Labs Bolt T-Shirt added into Cart
]]></system-out>
  </testcase>
  <testcase name="validateLauchOfCheckout" classname="com.SwagLab.TestCases.CartPageTest" time="0.085">
    <system-out><![CDATA[Header: Checkout: Your Information
]]></system-out>
  </testcase>
  <testcase name="validateCheckout" classname="com.SwagLab.TestCases.CheckoutPageTest" time="0.293">
    <system-out><![CDATA[Sauce Labs Fleece Jacket Found in the list
Sauce Labs Fleece Jacket added into Cart
User details fill up for User: Priyanka
Checkout process completed!
]]></system-out>
    <system-err><![CDATA[Aug 20, 2026 12:41:26 PM org.openqa.selenium.devtools.CdpVersionFinder findNearestMatch
WARNING: Unable to find an exact match for CDP version 151, returning the closest version; found: 150; Please update to a Selenium version that supports CDP version 151
]]></system-err>
  </testcase>
  <testcase name="getPaymentSummaryDetails" classname="com.SwagLab.TestCases.OverviewPageTest" time="0.121">
    <system-out><![CDATA[Sauce Labs Fleece Jacket Found in the list
Sauce Labs Fleece Jacket added into Cart
User details fill up for User: Priyanka
======Payment Summary======
Payment Information:
SauceCard #31337
Shipping Information:
Free Pony Express Delivery!
Price Total
Item total: $49.99
Tax: $4.00
Total: $53.99
]]></system-out>
    <system-err><![CDATA[Aug 20, 2026 12:41:28 PM org.openqa.selenium.devtools.CdpVersionFinder findNearestMatch
WARNING: Unable to find an exact match for CDP version 151, returning the closest version; found: 150; Please update to a Selenium version that supports CDP version 151
]]></system-err>
  </testcase>
  <testcase name="testCheckoutProcess" classname="com.SwagLab.TestCases.OverviewPageTest" time="0.111">
    <system-out><![CDATA[Thank you for your order!
]]></system-out>
  </testcase>
</testsuite>