<?xml version="1.0" encoding="UTF-8"?>
<testng-results ignored="0" total="14" passed="14" failed="0" skipped="0">
  <reporter-output>
  </reporter-output>
  <suite started-at="2026-08-14T13:45:43 IST" name="Suite" finished-at="2026-08-14T13:45:52 IST" duration-ms="9330">
    <groups>
    </groups>
    <test started-at="2026-08-14T13:45:43 IST" name="Test" finished-at="2026-08-14T13:45:52 IST" duration-ms="9330">
      <class name="com.SwagLab.TestCases.OverviewPageTest">
        <test-method is-config="true" signature="setUp(java.lang.String)[pri:0, instance:com.SwagLab.TestCases.OverviewPageTest@59662a0b]" started-at="2026-08-14T13:45:50 IST" name="setUp" finished-at="2026-08-14T13:45:51 IST" duration-ms="987" status="PASS">
          <params>
            <param index="0">
              <value>
                <![CDATA[edge]]>
              </value>
            </param>
          </params>
          <reporter-output>
          </reporter-output>
        </test-method> <!-- setUp -->
        <test-method is-config="true" signature="pageSetUp()[pri:0, instance:com.SwagLab.TestCases.OverviewPageTest@59662a0b]" started-at="2026-08-14T13:45:51 IST" name="pageSetUp" finished-at="2026-08-14T13:45:52 IST" duration-ms="808" status="PASS">
          <reporter-output>
          </reporter-output>
        </test-method> <!-- pageSetUp -->
        <test-method signature="getPaymentSummaryDetails()[pri:1, instance:com.SwagLab.TestCases.OverviewPageTest@59662a0b]" started-at="2026-08-14T13:45:52 IST" name="getPaymentSummaryDetails" finished-at="2026-08-14T13:45:52 IST" duration-ms="55" status="PASS">
          <reporter-output>
          </reporter-output>
        </test-method> <!-- getPaymentSummaryDetails -->
        <test-method signature="testCheckoutProcess()[pri:1, instance:com.SwagLab.TestCases.OverviewPageTest@59662a0b]" started-at="2026-08-14T13:45:52 IST" name="testCheckoutProcess" finished-at="2026-08-14T13:45:52 IST" duration-ms="58" status="PASS">
          <reporter-output>
          </reporter-output>
        </test-method> <!-- testCheckoutProcess -->
        <test-method is-config="true" signature="tearDown()[pri:0, instance:com.SwagLab.TestCases.OverviewPageTest@59662a0b]" started-at="2026-08-14T13:45:52 IST" name="tearDown" finished-at="2026-08-14T13:45:52 IST" duration-ms="155" status="PASS">
          <reporter-output>
          </reporter-output>
        </test-method> <!-- tearDown -->
      </class> <!-- com.SwagLab.TestCases.OverviewPageTest -->
      <class name="com.SwagLab.TestCases.CheckoutPageTest">
        <test-method is-config="true" signature="setUp(java.lang.String)[pri:0, instance:com.SwagLab.TestCases.CheckoutPageTest@1b7cc17c]" started-at="2026-08-14T13:45:48 IST" name="setUp" finished-at="2026-08-14T13:45:49 IST" duration-ms="1040" status="PASS">
          <params>
            <param index="0">
              <value>
                <![CDATA[edge]]>
              </value>
            </param>
          </params>
          <reporter-output>
          </reporter-output>
        </test-method> <!-- setUp -->
        <test-method is-config="true" signature="pageSetup()[pri:0, instance:com.SwagLab.TestCases.CheckoutPageTest@1b7cc17c]" started-at="2026-08-14T13:45:49 IST" name="pageSetup" finished-at="2026-08-14T13:45:50 IST" duration-ms="491" status="PASS">
          <reporter-output>
          </reporter-output>
        </test-method> <!-- pageSetup -->
        <test-method signature="validateCheckout()[pri:0, instance:com.SwagLab.TestCases.CheckoutPageTest@1b7cc17c]" started-at="2026-08-14T13:45:50 IST" name="validateCheckout" finished-at="2026-08-14T13:45:50 IST" duration-ms="203" status="PASS">
          <reporter-output>
          </reporter-output>
        </test-method> <!-- validateCheckout -->
        <test-method is-config="true" signature="tearDown()[pri:0, instance:com.SwagLab.TestCases.CheckoutPageTest@1b7cc17c]" started-at="2026-08-14T13:45:50 IST" name="tearDown" finished-at="2026-08-14T13:45:50 IST" duration-ms="155" status="PASS">
          <reporter-output>
          </reporter-output>
        </test-method> <!-- tearDown -->
      </class> <!-- com.SwagLab.TestCases.CheckoutPageTest -->
      <class name="com.SwagLab.TestCases.InventoryPageTest">
        <test-method is-config="true" signature="setUp(java.lang.String)[pri:0, instance:com.SwagLab.TestCases.InventoryPageTest@6069db50]" started-at="2026-08-14T13:45:45 IST" name="setUp" finished-at="2026-08-14T13:45:46 IST" duration-ms="1018" status="PASS">
          <params>
            <param index="0">
              <value>
                <![CDATA[edge]]>
              </value>
            </param>
          </params>
          <reporter-output>
          </reporter-output>
        </test-method> <!-- setUp -->
        <test-method is-config="true" signature="pageSetUp()[pri:0, instance:com.SwagLab.TestCases.InventoryPageTest@6069db50]" started-at="2026-08-14T13:45:46 IST" name="pageSetUp" finished-at="2026-08-14T13:45:46 IST" duration-ms="229" status="PASS">
          <reporter-output>
          </reporter-output>
        </test-method> <!-- pageSetUp -->
        <test-method signature="validatProductCount()[pri:1, instance:com.SwagLab.TestCases.InventoryPageTest@6069db50]" started-at="2026-08-14T13:45:46 IST" name="validatProductCount" finished-at="2026-08-14T13:45:46 IST" duration-ms="12" status="PASS">
          <reporter-output>
          </reporter-output>
        </test-method> <!-- validatProductCount -->
        <test-method signature="validatProductDetails()[pri:2, instance:com.SwagLab.TestCases.InventoryPageTest@6069db50]" started-at="2026-08-14T13:45:46 IST" name="validatProductDetails" finished-at="2026-08-14T13:45:46 IST" duration-ms="75" status="PASS">
          <reporter-output>
          </reporter-output>
        </test-method> <!-- validatProductDetails -->
        <test-method signature="validatAddToCartFeature()[pri:3, instance:com.SwagLab.TestCases.InventoryPageTest@6069db50]" started-at="2026-08-14T13:45:46 IST" name="validatAddToCartFeature" finished-at="2026-08-14T13:45:46 IST" duration-ms="129" status="PASS">
          <reporter-output>
          </reporter-output>
        </test-method> <!-- validatAddToCartFeature -->
        <test-method is-config="true" signature="tearDown()[pri:0, instance:com.SwagLab.TestCases.InventoryPageTest@6069db50]" started-at="2026-08-14T13:45:46 IST" name="tearDown" finished-at="2026-08-14T13:45:46 IST" duration-ms="162" status="PASS">
          <reporter-output>
          </reporter-output>
        </test-method> <!-- tearDown -->
      </class> <!-- com.SwagLab.TestCases.InventoryPageTest -->
      <class name="com.SwagLab.TestCases.LoginPageTest">
        <test-method is-config="true" signature="setUp(java.lang.String)[pri:0, instance:com.SwagLab.TestCases.LoginPageTest@72d1ad2e]" started-at="2026-08-14T13:45:43 IST" name="setUp" finished-at="2026-08-14T13:45:44 IST" duration-ms="1379" status="PASS">
          <params>
            <param index="0">
              <value>
                <![CDATA[edge]]>
              </value>
            </param>
          </params>
          <reporter-output>
          </reporter-output>
        </test-method> <!-- setUp -->
        <test-method signature="verifyUrl()[pri:1, instance:com.SwagLab.TestCases.LoginPageTest@72d1ad2e]" started-at="2026-08-14T13:45:44 IST" name="verifyUrl" finished-at="2026-08-14T13:45:44 IST" duration-ms="12" status="PASS">
          <reporter-output>
          </reporter-output>
        </test-method> <!-- verifyUrl -->
        <test-method signature="verifyTitle()[pri:2, instance:com.SwagLab.TestCases.LoginPageTest@72d1ad2e]" started-at="2026-08-14T13:45:44 IST" name="verifyTitle" finished-at="2026-08-14T13:45:44 IST" duration-ms="8" status="PASS">
          <reporter-output>
          </reporter-output>
        </test-method> <!-- verifyTitle -->
        <test-method signature="validateLogin()[pri:3, instance:com.SwagLab.TestCases.LoginPageTest@72d1ad2e]" started-at="2026-08-14T13:45:44 IST" name="validateLogin" finished-at="2026-08-14T13:45:45 IST" duration-ms="246" status="PASS">
          <reporter-output>
          </reporter-output>
        </test-method> <!-- validateLogin -->
        <test-method is-config="true" signature="tearDown()[pri:0, instance:com.SwagLab.TestCases.LoginPageTest@72d1ad2e]" started-at="2026-08-14T13:45:45 IST" name="tearDown" finished-at="2026-08-14T13:45:45 IST" duration-ms="171" status="PASS">
          <reporter-output>
          </reporter-output>
        </test-method> <!-- tearDown -->
      </class> <!-- com.SwagLab.TestCases.LoginPageTest -->
      <class name="com.SwagLab.TestCases.CartPageTest">
        <test-method is-config="true" signature="setUp(java.lang.String)[pri:0, instance:com.SwagLab.TestCases.CartPageTest@4efbca5a]" started-at="2026-08-14T13:45:46 IST" name="setUp" finished-at="2026-08-14T13:45:47 IST" duration-ms="963" status="PASS">
          <params>
            <param index="0">
              <value>
                <![CDATA[edge]]>
              </value>
            </param>
          </params>
          <reporter-output>
          </reporter-output>
        </test-method> <!-- setUp -->
        <test-method is-config="true" signature="pageSetUp()[pri:0, instance:com.SwagLab.TestCases.CartPageTest@4efbca5a]" started-at="2026-08-14T13:45:47 IST" name="pageSetUp" finished-at="2026-08-14T13:45:48 IST" duration-ms="410" status="PASS">
          <reporter-output>
          </reporter-output>
        </test-method> <!-- pageSetUp -->
        <test-method signature="verifyCartPageLaunch()[pri:1, instance:com.SwagLab.TestCases.CartPageTest@4efbca5a]" started-at="2026-08-14T13:45:48 IST" name="verifyCartPageLaunch" finished-at="2026-08-14T13:45:48 IST" duration-ms="58" status="PASS">
          <reporter-output>
          </reporter-output>
        </test-method> <!-- verifyCartPageLaunch -->
        <test-method signature="verifyCartProduct()[pri:2, instance:com.SwagLab.TestCases.CartPageTest@4efbca5a]" started-at="2026-08-14T13:45:48 IST" name="verifyCartProduct" finished-at="2026-08-14T13:45:48 IST" duration-ms="16" status="PASS">
          <reporter-output>
          </reporter-output>
        </test-method> <!-- verifyCartProduct -->
        <test-method signature="validateProductRemove()[pri:3, instance:com.SwagLab.TestCases.CartPageTest@4efbca5a]" started-at="2026-08-14T13:45:48 IST" name="validateProductRemove" finished-at="2026-08-14T13:45:48 IST" duration-ms="35" status="PASS">
          <reporter-output>
          </reporter-output>
        </test-method> <!-- validateProductRemove -->
        <test-method signature="validateContinueShopping()[pri:4, instance:com.SwagLab.TestCases.CartPageTest@4efbca5a]" started-at="2026-08-14T13:45:48 IST" name="validateContinueShopping" finished-at="2026-08-14T13:45:48 IST" duration-ms="190" status="PASS">
          <reporter-output>
          </reporter-output>
        </test-method> <!-- validateContinueShopping -->
        <test-method signature="validateLauchOfCheckout()[pri:5, instance:com.SwagLab.TestCases.CartPageTest@4efbca5a]" started-at="2026-08-14T13:45:48 IST" name="validateLauchOfCheckout" finished-at="2026-08-14T13:45:48 IST" duration-ms="66" status="PASS">
          <reporter-output>
          </reporter-output>
        </test-method> <!-- validateLauchOfCheckout -->
        <test-method is-config="true" signature="tearDown()[pri:0, instance:com.SwagLab.TestCases.CartPageTest@4efbca5a]" started-at="2026-08-14T13:45:48 IST" name="tearDown" finished-at="2026-08-14T13:45:48 IST" duration-ms="150" status="PASS">
          <reporter-output>
          </reporter-output>
        </test-method> <!-- tearDown -->
      </class> <!-- com.SwagLab.TestCases.CartPageTest -->
    </test> <!-- Test -->
  </suite> <!-- Suite -->
</testng-results>
