<?xml version="1.0" encoding="UTF-8"?>
<testng-results ignored="0" total="1" passed="1" failed="0" skipped="0">
  <reporter-output>
  </reporter-output>
  <suite started-at="2026-07-08T13:06:18 IST" name="Default suite" finished-at="2026-07-08T13:06:21 IST" duration-ms="3372">
    <groups>
    </groups>
    <test started-at="2026-07-08T13:06:18 IST" name="Default test" finished-at="2026-07-08T13:06:21 IST" duration-ms="3372">
      <class name="com.WebTesting.Tc037_NewTab_NewWindow">
        <test-method signature="testTabWindow()[pri:0, instance:com.WebTesting.Tc037_NewTab_NewWindow@2a65fe7c]" started-at="2026-07-08T13:06:18 IST" name="testTabWindow" finished-at="2026-07-08T13:06:21 IST" duration-ms="3333" status="PASS">
          <reporter-output>
          </reporter-output>
        </test-method> <!-- testTabWindow -->
      </class> <!-- com.WebTesting.Tc037_NewTab_NewWindow -->
    </test> <!-- Default test -->
  </suite> <!-- Default suite -->
</testng-results>
