<?xml version="1.0" encoding="UTF-8"?>
<!-- Generated by org.testng.reporters.JUnitReportReporter -->
<testsuite hostname="Priyanka" failures="0" tests="2" name="com.SwagLab.TestCases.OverviewPageTest" time="0.117" errors="0" timestamp="2026-08-14T13:45:25 IST" skipped="0">
  <testcase classname="com.SwagLab.TestCases.OverviewPageTest" name="getPaymentSummaryDetails" time="0.061"/>
  <testcase classname="com.SwagLab.TestCases.OverviewPageTest" name="testCheckoutProcess" time="0.056"/>
</testsuite> <!-- com.SwagLab.TestCases.OverviewPageTest -->
