<?xml version="1.0" encoding="UTF-8"?>
<!-- Generated by org.testng.reporters.JUnitReportReporter -->
<testsuite hostname="Priyanka" failures="0" tests="3" name="com.TestNG.Tc070_DescriptionArgument" time="9.742" errors="0" timestamp="2026-07-27T12:59:46 IST" skipped="0">
  <testcase classname="com.TestNG.Tc070_DescriptionArgument" name="testChrome" time="2.047"/>
  <testcase classname="com.TestNG.Tc070_DescriptionArgument" name="testEdge" time="2.023"/>
  <testcase classname="com.TestNG.Tc070_DescriptionArgument" name="testFirefox" time="5.672"/>
</testsuite> <!-- com.TestNG.Tc070_DescriptionArgument -->
