<?xml version="1.0" encoding="UTF-8"?>
<!-- Generated by org.testng.reporters.JUnitReportReporter -->
<testsuite hostname="Priyanka" failures="0" tests="2" name="com.WebTesting.Tc022_TestNGTestDemo" time="7.274" errors="0" timestamp="2026-07-01T12:52:23 IST" skipped="0">
  <testcase classname="com.WebTesting.Tc022_TestNGTestDemo" name="testcase2" time="4.224"/>
  <testcase classname="com.WebTesting.Tc022_TestNGTestDemo" name="testCase1" time="3.050"/>
</testsuite> <!-- com.WebTesting.Tc022_TestNGTestDemo -->
