<?xml version="1.0" encoding="UTF-8"?>
<!-- Generated by org.testng.reporters.JUnitReportReporter -->
<testsuite hostname="Priyanka" failures="0" tests="3" name="com.TestNG.DataPassing.Tc081_CrossBrowserTest" time="16.854" errors="0" timestamp="2026-07-31T12:40:32 IST" skipped="0">
  <testcase classname="com.TestNG.DataPassing.Tc081_CrossBrowserTest" name="testBrowser" time="3.108"/>
  <testcase classname="com.TestNG.DataPassing.Tc081_CrossBrowserTest" name="testBrowser" time="3.354"/>
  <testcase classname="com.TestNG.DataPassing.Tc081_CrossBrowserTest" name="testBrowser" time="10.392"/>
</testsuite> <!-- com.TestNG.DataPassing.Tc081_CrossBrowserTest -->
