<?xml version="1.0" encoding="UTF-8"?>
<!-- Generated by org.testng.reporters.JUnitReportReporter -->
<testsuite hostname="Priyanka" failures="0" tests="2" name="com.TestNG.Tc074_GroupingOfTest" time="0.011" errors="0" timestamp="2026-07-28T12:24:00 IST" skipped="0">
  <testcase classname="com.TestNG.Tc074_GroupingOfTest" name="registerTest" time="0.011"/>
  <testcase classname="com.TestNG.Tc074_GroupingOfTest" name="loginTest" time="0.000"/>
</testsuite> <!-- com.TestNG.Tc074_GroupingOfTest -->
