<?xml version="1.0" encoding="UTF-8"?>
<!-- Generated by org.testng.reporters.JUnitReportReporter -->
<testsuite hostname="Priyanka" failures="0" tests="5" name="com.TestNG.Tc71_InvocationCount" time="0.018" errors="0" timestamp="2026-07-27T12:59:46 IST" skipped="0">
  <testcase classname="com.TestNG.Tc71_InvocationCount" name="registerTest" time="0.001"/>
  <testcase classname="com.TestNG.Tc71_InvocationCount" name="loginTest" time="0.008"/>
  <testcase classname="com.TestNG.Tc71_InvocationCount" name="loginTest" time="0.004"/>
  <testcase classname="com.TestNG.Tc71_InvocationCount" name="loginTest" time="0.002"/>
  <testcase classname="com.TestNG.Tc71_InvocationCount" name="searchProductTest" time="0.003"/>
</testsuite> <!-- com.TestNG.Tc71_InvocationCount -->
