<?xml version="1.0" encoding="UTF-8"?>
<!-- Generated by org.testng.reporters.JUnitReportReporter -->
<testsuite hostname="Priyanka" failures="0" tests="1" name="com.TestNG.DataPassing.Tc085_DataPassingUsingPropertiesFile" time="7.396" errors="0" timestamp="2026-07-31T13:10:00 IST" skipped="0">
  <testcase classname="com.TestNG.DataPassing.Tc085_DataPassingUsingPropertiesFile" name="testPropertiesData" time="7.396"/>
</testsuite> <!-- com.TestNG.DataPassing.Tc085_DataPassingUsingPropertiesFile -->
