<?xml version="1.0" encoding="UTF-8"?>
<!-- Generated by org.testng.reporters.JUnitReportReporter -->
<testsuite hostname="Priyanka" failures="0" tests="9" name="com.SwagLab.TestCases.InventoryPageTest" time="2.128" errors="0" timestamp="2026-08-12T12:48:27 IST" skipped="0">
  <testcase classname="com.SwagLab.TestCases.InventoryPageTest" name="validatProductCount" time="0.044"/>
  <testcase classname="com.SwagLab.TestCases.InventoryPageTest" name="validatProductCount" time="0.034"/>
  <testcase classname="com.SwagLab.TestCases.InventoryPageTest" name="validatProductCount" time="0.025"/>
  <testcase classname="com.SwagLab.TestCases.InventoryPageTest" name="validatProductDetails" time="0.269"/>
  <testcase classname="com.SwagLab.TestCases.InventoryPageTest" name="validatProductDetails" time="0.222"/>
  <testcase classname="com.SwagLab.TestCases.InventoryPageTest" name="validatProductDetails" time="0.137"/>
  <testcase classname="com.SwagLab.TestCases.InventoryPageTest" name="validatAddToCartFeature" time="0.752"/>
  <testcase classname="com.SwagLab.TestCases.InventoryPageTest" name="validatAddToCartFeature" time="0.344"/>
  <testcase classname="com.SwagLab.TestCases.InventoryPageTest" name="validatAddToCartFeature" time="0.301"/>
</testsuite> <!-- com.SwagLab.TestCases.InventoryPageTest -->
