<?xml version="1.0" encoding="UTF-8"?>
<!-- Generated by org.testng.reporters.JUnitReportReporter -->
<testsuite hostname="Priyanka" failures="0" tests="3" name="com.TestNG.Annotations.Tc077_AnnotationDetails" time="0.013" errors="0" timestamp="2026-07-29T12:28:56 IST" skipped="0">
  <testcase classname="com.TestNG.Annotations.Tc077_AnnotationDetails" name="testGoogle" time="0.006"/>
  <testcase classname="com.TestNG.Annotations.Tc077_AnnotationDetails" name="testOpenCart" time="0.003"/>
  <testcase classname="com.TestNG.Annotations.Tc077_AnnotationDetails" name="testCrm" time="0.004"/>
</testsuite> <!-- com.TestNG.Annotations.Tc077_AnnotationDetails -->
