<?xml version="1.0" encoding="UTF-8"?>
<!-- Generated by org.testng.reporters.JUnitReportReporter -->
<testsuite hostname="Priyanka" failures="0" tests="3" name="com.TestNG.Annotations.Tc078_AnnotationRealScenario" time="1.801" errors="0" timestamp="2026-07-31T12:06:29 IST" skipped="0">
  <testcase classname="com.TestNG.Annotations.Tc078_AnnotationRealScenario" name="testSignIn" time="0.918"/>
  <testcase classname="com.TestNG.Annotations.Tc078_AnnotationRealScenario" name="testCRMLogin" time="0.457"/>
  <testcase classname="com.TestNG.Annotations.Tc078_AnnotationRealScenario" name="signOut" time="0.426"/>
</testsuite> <!-- com.TestNG.Annotations.Tc078_AnnotationRealScenario -->
