<?xml version="1.0" encoding="UTF-8"?>
<!-- Generated by org.testng.reporters.JUnitReportReporter -->
<testsuite hostname="Priyanka" failures="0" tests="3" name="com.TestNG.Annotations.Tc078_AnnotationRealScenario" time="2.966" errors="0" timestamp="2026-07-29T12:49:23 IST" skipped="0">
  <testcase classname="com.TestNG.Annotations.Tc078_AnnotationRealScenario" name="testSignIn" time="1.108"/>
  <testcase classname="com.TestNG.Annotations.Tc078_AnnotationRealScenario" name="testCRMLogin" time="0.628"/>
  <testcase classname="com.TestNG.Annotations.Tc078_AnnotationRealScenario" name="signOut" time="1.230"/>
</testsuite> <!-- com.TestNG.Annotations.Tc078_AnnotationRealScenario -->
