<?xml version="1.0" encoding="UTF-8"?>
<!-- Generated by org.testng.reporters.JUnitReportReporter -->
<testsuite hostname="Priyanka" failures="0" tests="3" name="com.TestNG.DataPassing.Tc082_ParallelTestMethodLevel" time="28.758" errors="0" timestamp="2026-07-31T12:44:19 IST" skipped="0">
  <testcase classname="com.TestNG.DataPassing.Tc082_ParallelTestMethodLevel" name="testChrome" time="2.966"/>
  <testcase classname="com.TestNG.DataPassing.Tc082_ParallelTestMethodLevel" name="testEdge" time="3.708"/>
  <testcase classname="com.TestNG.DataPassing.Tc082_ParallelTestMethodLevel" name="testFirefox" time="22.084"/>
</testsuite> <!-- com.TestNG.DataPassing.Tc082_ParallelTestMethodLevel -->
