<?xml version="1.0" encoding="UTF-8"?>
<!-- Generated by org.testng.reporters.JUnitReportReporter -->
<testsuite hostname="Priyanka" failures="0" tests="2" name="com.WebTesting.Tc022_TestNGTestDemo" time="5.167" errors="0" timestamp="2026-07-02T12:07:11 IST" skipped="0">
  <testcase classname="com.WebTesting.Tc022_TestNGTestDemo" name="testcase2" time="1.990"/>
  <testcase classname="com.WebTesting.Tc022_TestNGTestDemo" name="testCase1" time="3.177"/>
</testsuite> <!-- com.WebTesting.Tc022_TestNGTestDemo -->
