<?xml version="1.0" encoding="UTF-8"?>
<!-- Generated by org.testng.reporters.JUnitReportReporter -->
<testsuite hostname="Priyanka" failures="0" tests="4" name="com.TestNG.Tc069_PriorityArgumentTest" time="0.016" errors="0" timestamp="2026-07-27T12:59:46 IST" skipped="0">
  <testcase classname="com.TestNG.Tc069_PriorityArgumentTest" name="registerTest" time="0.009"/>
  <testcase classname="com.TestNG.Tc069_PriorityArgumentTest" name="loginTest" time="0.003"/>
  <testcase classname="com.TestNG.Tc069_PriorityArgumentTest" name="searchProductTest" time="0.002"/>
  <testcase classname="com.TestNG.Tc069_PriorityArgumentTest" name="addToCartTest" time="0.002"/>
</testsuite> <!-- com.TestNG.Tc069_PriorityArgumentTest -->
