<?xml version="1.0" encoding="UTF-8"?>
<!-- Generated by org.testng.reporters.JUnitReportReporter -->
<testsuite hostname="Priyanka" failures="0" tests="2" name="com.TestNG.Tc073_DisableTestCase" time="0.014" errors="0" timestamp="2026-07-28T12:17:20 IST" skipped="1">
  <testcase classname="com.TestNG.Tc073_DisableTestCase" name="loginTest" time="0.014"/>
  <testcase classname="com.TestNG.Tc073_DisableTestCase" name="addToCartTest">
    <skipped/>
  </testcase> <!-- addToCartTest -->
</testsuite> <!-- com.TestNG.Tc073_DisableTestCase -->
