<?xml version="1.0" encoding="UTF-8"?>
<!-- Generated by org.testng.reporters.JUnitReportReporter -->
<testsuite hostname="Priyanka" failures="0" tests="3" name="com.TestNG.PageObjectModel.LoginPageTest" time="0.873" errors="0" timestamp="2026-08-07T13:19:37 IST" skipped="0">
  <testcase classname="com.TestNG.PageObjectModel.LoginPageTest" name="verifyUrl" time="0.024"/>
  <testcase classname="com.TestNG.PageObjectModel.LoginPageTest" name="verifyTitle" time="0.011"/>
  <testcase classname="com.TestNG.PageObjectModel.LoginPageTest" name="validateLogin" time="0.838"/>
</testsuite> <!-- com.TestNG.PageObjectModel.LoginPageTest -->
