<?xml version="1.0" encoding="UTF-8"?>
<!-- Generated by org.testng.reporters.JUnitReportReporter -->
<testsuite hostname="Priyanka" failures="0" tests="3" name="com.SwagLab.TestCases.LoginPageTest" time="0.373" errors="0" timestamp="2026-08-20T12:41:31 IST" skipped="0">
  <testcase classname="com.SwagLab.TestCases.LoginPageTest" name="verifyUrl" time="0.014"/>
  <testcase classname="com.SwagLab.TestCases.LoginPageTest" name="verifyTitle" time="0.015"/>
  <testcase classname="com.SwagLab.TestCases.LoginPageTest" name="validateLogin" time="0.344"/>
</testsuite> <!-- com.SwagLab.TestCases.LoginPageTest -->
