<?xml version="1.0" encoding="UTF-8"?>
<!-- Generated by org.testng.reporters.JUnitReportReporter -->
<testsuite hostname="Priyanka" failures="0" tests="2" name="com.SwagLab.TestCases.OverviewPageTest" time="0.228" errors="0" timestamp="2026-08-20T12:41:31 IST" skipped="0">
  <testcase classname="com.SwagLab.TestCases.OverviewPageTest" name="getPaymentSummaryDetails" time="0.120"/>
  <testcase classname="com.SwagLab.TestCases.OverviewPageTest" name="testCheckoutProcess" time="0.108"/>
</testsuite> <!-- com.SwagLab.TestCases.OverviewPageTest -->
