<?xml version="1.0" encoding="UTF-8"?>
<!-- Generated by org.testng.reporters.JUnitReportReporter -->
<testsuite hostname="Priyanka" failures="0" tests="5" name="com.SwagLab.TestCases.CartPageTest" time="0.365" errors="0" timestamp="2026-08-14T13:45:52 IST" skipped="0">
  <testcase classname="com.SwagLab.TestCases.CartPageTest" name="verifyCartPageLaunch" time="0.058"/>
  <testcase classname="com.SwagLab.TestCases.CartPageTest" name="verifyCartProduct" time="0.016"/>
  <testcase classname="com.SwagLab.TestCases.CartPageTest" name="validateProductRemove" time="0.035"/>
  <testcase classname="com.SwagLab.TestCases.CartPageTest" name="validateContinueShopping" time="0.190"/>
  <testcase classname="com.SwagLab.TestCases.CartPageTest" name="validateLauchOfCheckout" time="0.066"/>
</testsuite> <!-- com.SwagLab.TestCases.CartPageTest -->
